[Error] 主程序位置文件不存在!
[Error] 主程序位置文件不存在!
[Error] 主程序位置文件不存在!
[Error] 主程序位置文件不存在!
[Error] 主程序位置文件不存在!
[Info] Current Version: 0.7.70
[Info] Extract finished ok.
[Info] 如果提示 Extract finished ok 则说明已经成功了
[Info] 如果提示了任何错误([Error]), 请找QQ463101158(zdw1999) 并提供错误信息
[Error] 请先关闭dota2(同一时间仅允许一个dota2运行)!
[Error] 请先关闭dota2(同一时间仅允许一个dota2运行)!
[Info] Current Version: 0.7.70
[Info] Extract finished ok.
[Info] 如果提示 Extract finished ok 则说明已经成功了
[Info] 如果提示了任何错误([Error]), 请找QQ463101158(zdw1999) 并提供错误信息
[Info] Current Version: 0.7.70
[Info] Extract finished ok.
[Info] 如果提示 Extract finished ok 则说明已经成功了
[Info] 如果提示了任何错误([Error]), 请找QQ463101158(zdw1999) 并提供错误信息
[Info] Current Version: 0.7.70
[Info] Extract finished ok.
[Info] 如果提示 Extract finished ok 则说明已经成功了
[Info] 如果提示了任何错误([Error]), 请找QQ463101158(zdw1999) 并提供错误信息
[Error] "dotapath.ini" not found!
[Error] "dotapath.ini" not found!
[Error] "dotapath.ini" not found!
[Info] Current Version: 0.7.7
0
[Info] Extract finished ok.
[Info] If got "Extract finished ok" means installed successfully.
[Info] If got any "[Error]", Please contact QQ463101158(zdw1999) and send error message.
[Info] Current Version: 0.7.7
0
[Info] Extract finished ok.
[Info] If got "Extract finished ok" means installed successfully.
[Info] If got any "[Error]", Please contact QQ463101158(zdw1999) and send error message.
[Info] Current Version: 0.7.7
0
[Info] Extract finished ok.
[Info] If got "Extract finished ok" means installed successfully.
[Info] If got any "[Error]", Please contact QQ463101158(zdw1999) and send error message.
[Info] Current Version: 0.7.7
0
[Info] Extract finished ok.
[Info] If got "Extract finished ok" means installed successfully.
[Info] If got any "[Error]", Please contact QQ463101158(zdw1999) and send error message.
[Info] Current Version: 0.7.7
0
[Info] Extract finished ok.
[Info] If got "Extract finished ok" means installed successfully.
[Info] If got any "[Error]", Please contact QQ463101158(zdw1999) and send error message.
[Info] Current Version: 0.7.7
0
[Info] Extract finished ok.
[Info] If got "Extract finished ok" means installed successfully.
[Info] If got any "[Error]", Please contact QQ463101158(zdw1999) and send error message.
[Info] Current Version: 0.7.7
0
[Info] Extract finished ok.
[Info] If got "Extract finished ok" means installed successfully.
[Info] If got any "[Error]", Please contact QQ463101158(zdw1999) and send error message.
[Info] Current Version: 0.7.7
0
[Info] Extract finished ok.
[Info] If got "Extract finished ok" means installed successfully.
[Info] If got any "[Error]", Please contact QQ463101158(zdw1999) and send error message.
[Info] Current Version: 0.7.7
0
[Info] Extract finished ok.
[Info] If got "Extract finished ok" means installed successfully.
[Info] If got any "[Error]", Please contact QQ463101158(zdw1999) and send error message.
[Info] Current Version: 0.7.7
0
[Info] Extract finished ok.
[Info] If got "Extract finished ok" means installed successfully.
[Info] If got any "[Error]", Please contact QQ463101158(zdw1999) and send error message.
[Info] Current Version: 0.0.3
31
[Info] Extracting file \ability_item_usage_centaur.lua...
[Info] Extracting file \ability_item_usage_centaur.lua successfully.
36
[Info] Extracting file \ability_item_usage_chaos_knight.lua...
[Info] Extracting file \ability_item_usage_chaos_knight.lua successfully.
30
[Info] Extracting file \ability_item_usage_clinkz.lua...
[Info] Extracting file \ability_item_usage_clinkz.lua successfully.
38
[Info] Extracting file \ability_item_usage_crystal_maiden.lua...
[Info] Extracting file \ability_item_usage_crystal_maiden.lua successfully.
35
[Info] Extracting file \ability_item_usage_drow_ranger.lua...
[Info] Extracting file \ability_item_usage_drow_ranger.lua successfully.
35
[Info] Extracting file \ability_item_usage_earthshaker.lua...
[Info] Extracting file \ability_item_usage_earthshaker.lua successfully.
34
[Info] Extracting file \ability_item_usage_juggernaut.lua...
[Info] Extracting file \ability_item_usage_juggernaut.lua successfully.
36
[Info] Extracting file \ability_item_usage_life_stealer.lua...
[Info] Extracting file \ability_item_usage_life_stealer.lua successfully.
28
[Info] Extracting file \ability_item_usage_lina.lua...
[Info] Extracting file \ability_item_usage_lina.lua successfully.
30
[Info] Extracting file \ability_item_usage_mirana.lua...
[Info] Extracting file \ability_item_usage_mirana.lua successfully.
29
[Info] Extracting file \ability_item_usage_slark.lua...
[Info] Extracting file \ability_item_usage_slark.lua successfully.
26
[Info] Extracting file \item_purchase_centaur.lua...
[Info] Extracting file \item_purchase_centaur.lua successfully.
31
[Info] Extracting file \item_purchase_chaos_knight.lua...
[Info] Extracting file \item_purchase_chaos_knight.lua successfully.
25
[Info] Extracting file \item_purchase_clinkz.lua...
[Info] Extracting file \item_purchase_clinkz.lua successfully.
33
[Info] Extracting file \item_purchase_crystal_maiden.lua...
[Info] Extracting file \item_purchase_crystal_maiden.lua successfully.
30
[Info] Extracting file \item_purchase_drow_ranger.lua...
[Info] Extracting file \item_purchase_drow_ranger.lua successfully.
30
[Info] Extracting file \item_purchase_earthshaker.lua...
[Info] Extracting file \item_purchase_earthshaker.lua successfully.
29
[Info] Extracting file \item_purchase_juggernaut.lua...
[Info] Extracting file \item_purchase_juggernaut.lua successfully.
31
[Info] Extracting file \item_purchase_life_stealer.lua...
[Info] Extracting file \item_purchase_life_stealer.lua successfully.
23
[Info] Extracting file \item_purchase_lina.lua...
[Info] Extracting file \item_purchase_lina.lua successfully.
25
[Info] Extracting file \item_purchase_mirana.lua...
[Info] Extracting file \item_purchase_mirana.lua successfully.
24
[Info] Extracting file \item_purchase_slark.lua...
[Info] Extracting file \item_purchase_slark.lua successfully.
24
[Info] Extract finished ok.
[Info] If got "Extract finished ok" means installed successfully.
[Info] If got any "[Error]", Please contact QQ463101158(zdw1999) and send error message.
[Info] Current Version: 0.0.3
31
[Info] Extracting file \ability_item_usage_centaur.lua...
[Info] Extracting file \ability_item_usage_centaur.lua successfully.
36
[Info] Extracting file \ability_item_usage_chaos_knight.lua...
[Info] Extracting file \ability_item_usage_chaos_knight.lua successfully.
30
[Info] Extracting file \ability_item_usage_clinkz.lua...
[Info] Extracting file \ability_item_usage_clinkz.lua successfully.
38
[Info] Extracting file \ability_item_usage_crystal_maiden.lua...
[Info] Extracting file \ability_item_usage_crystal_maiden.lua successfully.
35
[Info] Extracting file \ability_item_usage_drow_ranger.lua...
[Info] Extracting file \ability_item_usage_drow_ranger.lua successfully.
35
[Info] Extracting file \ability_item_usage_earthshaker.lua...
[Info] Extracting file \ability_item_usage_earthshaker.lua successfully.
34
[Info] Extracting file \ability_item_usage_juggernaut.lua...
[Info] Extracting file \ability_item_usage_juggernaut.lua successfully.
36
[Info] Extracting file \ability_item_usage_life_stealer.lua...
[Info] Extracting file \ability_item_usage_life_stealer.lua successfully.
28
[Info] Extracting file \ability_item_usage_lina.lua...
[Info] Extracting file \ability_item_usage_lina.lua successfully.
30
[Info] Extracting file \ability_item_usage_mirana.lua...
[Info] Extracting file \ability_item_usage_mirana.lua successfully.
29
[Info] Extracting file \ability_item_usage_slark.lua...
[Info] Extracting file \ability_item_usage_slark.lua successfully.
26
[Info] Extracting file \item_purchase_centaur.lua...
[Info] Extracting file \item_purchase_centaur.lua successfully.
31
[Info] Extracting file \item_purchase_chaos_knight.lua...
[Info] Extracting file \item_purchase_chaos_knight.lua successfully.
25
[Info] Extracting file \item_purchase_clinkz.lua...
[Info] Extracting file \item_purchase_clinkz.lua successfully.
33
[Info] Extracting file \item_purchase_crystal_maiden.lua...
[Info] Extracting file \item_purchase_crystal_maiden.lua successfully.
30
[Info] Extracting file \item_purchase_drow_ranger.lua...
[Info] Extracting file \item_purchase_drow_ranger.lua successfully.
30
[Info] Extracting file \item_purchase_earthshaker.lua...
[Info] Extracting file \item_purchase_earthshaker.lua successfully.
29
[Info] Extracting file \item_purchase_juggernaut.lua...
[Info] Extracting file \item_purchase_juggernaut.lua successfully.
31
[Info] Extracting file \item_purchase_life_stealer.lua...
[Info] Extracting file \item_purchase_life_stealer.lua successfully.
23
[Info] Extracting file \item_purchase_lina.lua...
[Info] Extracting file \item_purchase_lina.lua successfully.
25
[Info] Extracting file \item_purchase_mirana.lua...
[Info] Extracting file \item_purchase_mirana.lua successfully.
24
[Info] Extracting file \item_purchase_slark.lua...
[Info] Extracting file \item_purchase_slark.lua successfully.
24
[Info] Extract finished ok.
[Info] If got "Extract finished ok" means installed successfully.
[Info] If got any "[Error]", Please contact QQ463101158(zdw1999) and send error message.
[Info] Current Version: 0.0.3
31
[Info] Extracting file \ability_item_usage_centaur.lua...
[Info] Extracting file \ability_item_usage_centaur.lua successfully.
36
[Info] Extracting file \ability_item_usage_chaos_knight.lua...
[Info] Extracting file \ability_item_usage_chaos_knight.lua successfully.
30
[Info] Extracting file \ability_item_usage_clinkz.lua...
[Info] Extracting file \ability_item_usage_clinkz.lua successfully.
38
[Info] Extracting file \ability_item_usage_crystal_maiden.lua...
[Info] Extracting file \ability_item_usage_crystal_maiden.lua successfully.
35
[Info] Extracting file \ability_item_usage_drow_ranger.lua...
[Info] Extracting file \ability_item_usage_drow_ranger.lua successfully.
35
[Info] Extracting file \ability_item_usage_earthshaker.lua...
[Info] Extracting file \ability_item_usage_earthshaker.lua successfully.
34
[Info] Extracting file \ability_item_usage_juggernaut.lua...
[Info] Extracting file \ability_item_usage_juggernaut.lua successfully.
36
[Info] Extracting file \ability_item_usage_life_stealer.lua...
[Info] Extracting file \ability_item_usage_life_stealer.lua successfully.
28
[Info] Extracting file \ability_item_usage_lina.lua...
[Info] Extracting file \ability_item_usage_lina.lua successfully.
30
[Info] Extracting file \ability_item_usage_mirana.lua...
[Info] Extracting file \ability_item_usage_mirana.lua successfully.
29
[Info] Extracting file \ability_item_usage_slark.lua...
[Info] Extracting file \ability_item_usage_slark.lua successfully.
26
[Info] Extracting file \item_purchase_centaur.lua...
[Info] Extracting file \item_purchase_centaur.lua successfully.
31
[Info] Extracting file \item_purchase_chaos_knight.lua...
[Info] Extracting file \item_purchase_chaos_knight.lua successfully.
25
[Info] Extracting file \item_purchase_clinkz.lua...
[Info] Extracting file \item_purchase_clinkz.lua successfully.
33
[Info] Extracting file \item_purchase_crystal_maiden.lua...
[Info] Extracting file \item_purchase_crystal_maiden.lua successfully.
30
[Info] Extracting file \item_purchase_drow_ranger.lua...
[Info] Extracting file \item_purchase_drow_ranger.lua successfully.
30
[Info] Extracting file \item_purchase_earthshaker.lua...
[Info] Extracting file \item_purchase_earthshaker.lua successfully.
29
[Info] Extracting file \item_purchase_juggernaut.lua...
[Info] Extracting file \item_purchase_juggernaut.lua successfully.
31
[Info] Extracting file \item_purchase_life_stealer.lua...
[Info] Extracting file \item_purchase_life_stealer.lua successfully.
23
[Info] Extracting file \item_purchase_lina.lua...
[Info] Extracting file \item_purchase_lina.lua successfully.
25
[Info] Extracting file \item_purchase_mirana.lua...
[Info] Extracting file \item_purchase_mirana.lua successfully.
24
[Info] Extracting file \item_purchase_slark.lua...
[Info] Extracting file \item_purchase_slark.lua successfully.
24
[Info] Extract finished ok.
[Info] If got "Extract finished ok" means installed successfully.
[Info] If got any "[Error]", Please contact QQ463101158(zdw1999) and send error message.
[Info] Current Version: 0.0.3
31
[Info] Extracting file \ability_item_usage_centaur.lua...
[Info] Extracting file \ability_item_usage_centaur.lua successfully.
36
[Info] Extracting file \ability_item_usage_chaos_knight.lua...
[Info] Extracting file \ability_item_usage_chaos_knight.lua successfully.
30
[Info] Extracting file \ability_item_usage_clinkz.lua...
[Info] Extracting file \ability_item_usage_clinkz.lua successfully.
38
[Info] Extracting file \ability_item_usage_crystal_maiden.lua...
[Info] Extracting file \ability_item_usage_crystal_maiden.lua successfully.
35
[Info] Extracting file \ability_item_usage_drow_ranger.lua...
[Info] Extracting file \ability_item_usage_drow_ranger.lua successfully.
35
[Info] Extracting file \ability_item_usage_earthshaker.lua...
[Info] Extracting file \ability_item_usage_earthshaker.lua successfully.
34
[Info] Extracting file \ability_item_usage_juggernaut.lua...
[Info] Extracting file \ability_item_usage_juggernaut.lua successfully.
36
[Info] Extracting file \ability_item_usage_life_stealer.lua...
[Info] Extracting file \ability_item_usage_life_stealer.lua successfully.
28
[Info] Extracting file \ability_item_usage_lina.lua...
[Info] Extracting file \ability_item_usage_lina.lua successfully.
30
[Info] Extracting file \ability_item_usage_mirana.lua...
[Info] Extracting file \ability_item_usage_mirana.lua successfully.
29
[Info] Extracting file \ability_item_usage_slark.lua...
[Info] Extracting file \ability_item_usage_slark.lua successfully.
26
[Info] Extracting file \item_purchase_centaur.lua...
[Info] Extracting file \item_purchase_centaur.lua successfully.
31
[Info] Extracting file \item_purchase_chaos_knight.lua...
[Info] Extracting file \item_purchase_chaos_knight.lua successfully.
25
[Info] Extracting file \item_purchase_clinkz.lua...
[Info] Extracting file \item_purchase_clinkz.lua successfully.
33
[Info] Extracting file \item_purchase_crystal_maiden.lua...
[Info] Extracting file \item_purchase_crystal_maiden.lua successfully.
30
[Info] Extracting file \item_purchase_drow_ranger.lua...
[Info] Extracting file \item_purchase_drow_ranger.lua successfully.
30
[Info] Extracting file \item_purchase_earthshaker.lua...
[Info] Extracting file \item_purchase_earthshaker.lua successfully.
29
[Info] Extracting file \item_purchase_juggernaut.lua...
[Info] Extracting file \item_purchase_juggernaut.lua successfully.
31
[Info] Extracting file \item_purchase_life_stealer.lua...
[Info] Extracting file \item_purchase_life_stealer.lua successfully.
23
[Info] Extracting file \item_purchase_lina.lua...
[Info] Extracting file \item_purchase_lina.lua successfully.
25
[Info] Extracting file \item_purchase_mirana.lua...
[Info] Extracting file \item_purchase_mirana.lua successfully.
24
[Info] Extracting file \item_purchase_slark.lua...
[Info] Extracting file \item_purchase_slark.lua successfully.
24
[Info] Extract finished ok.
[Info] If got "Extract finished ok" means installed successfully.
[Info] If got any "[Error]", Please contact QQ463101158(zdw1999) and send error message.
[Info] Current Version: 0.0.3
31
[Info] Extracting file \ability_item_usage_centaur.lua...
[Info] Extracting file \ability_item_usage_centaur.lua successfully.
36
[Info] Extracting file \ability_item_usage_chaos_knight.lua...
[Info] Extracting file \ability_item_usage_chaos_knight.lua successfully.
30
[Info] Extracting file \ability_item_usage_clinkz.lua...
[Info] Extracting file \ability_item_usage_clinkz.lua successfully.
38
[Info] Extracting file \ability_item_usage_crystal_maiden.lua...
[Info] Extracting file \ability_item_usage_crystal_maiden.lua successfully.
35
[Info] Extracting file \ability_item_usage_drow_ranger.lua...
[Info] Extracting file \ability_item_usage_drow_ranger.lua successfully.
35
[Info] Extracting file \ability_item_usage_earthshaker.lua...
[Info] Extracting file \ability_item_usage_earthshaker.lua successfully.
34
[Info] Extracting file \ability_item_usage_juggernaut.lua...
[Info] Extracting file \ability_item_usage_juggernaut.lua successfully.
36
[Info] Extracting file \ability_item_usage_life_stealer.lua...
[Info] Extracting file \ability_item_usage_life_stealer.lua successfully.
28
[Info] Extracting file \ability_item_usage_lina.lua...
[Info] Extracting file \ability_item_usage_lina.lua successfully.
30
[Info] Extracting file \ability_item_usage_mirana.lua...
[Info] Extracting file \ability_item_usage_mirana.lua successfully.
29
[Info] Extracting file \ability_item_usage_slark.lua...
[Info] Extracting file \ability_item_usage_slark.lua successfully.
26
[Info] Extracting file \item_purchase_centaur.lua...
[Info] Extracting file \item_purchase_centaur.lua successfully.
31
[Info] Extracting file \item_purchase_chaos_knight.lua...
[Info] Extracting file \item_purchase_chaos_knight.lua successfully.
25
[Info] Extracting file \item_purchase_clinkz.lua...
[Info] Extracting file \item_purchase_clinkz.lua successfully.
33
[Info] Extracting file \item_purchase_crystal_maiden.lua...
[Info] Extracting file \item_purchase_crystal_maiden.lua successfully.
30
[Info] Extracting file \item_purchase_drow_ranger.lua...
[Info] Extracting file \item_purchase_drow_ranger.lua successfully.
30
[Info] Extracting file \item_purchase_earthshaker.lua...
[Info] Extracting file \item_purchase_earthshaker.lua successfully.
29
[Info] Extracting file \item_purchase_juggernaut.lua...
[Info] Extracting file \item_purchase_juggernaut.lua successfully.
31
[Info] Extracting file \item_purchase_life_stealer.lua...
[Info] Extracting file \item_purchase_life_stealer.lua successfully.
23
[Info] Extracting file \item_purchase_lina.lua...
[Info] Extracting file \item_purchase_lina.lua successfully.
25
[Info] Extracting file \item_purchase_mirana.lua...
[Info] Extracting file \item_purchase_mirana.lua successfully.
24
[Info] Extracting file \item_purchase_slark.lua...
[Info] Extracting file \item_purchase_slark.lua successfully.
24
[Info] Extract finished ok.
[Info] If got "Extract finished ok" means installed successfully.
[Info] If got any "[Error]", Please contact QQ463101158(zdw1999) and send error message.
[Info] Current Version: 0.0.3
31
[Info] Extracting file \ability_item_usage_centaur.lua...
[Info] Extracting file \ability_item_usage_centaur.lua successfully.
36
[Info] Extracting file \ability_item_usage_chaos_knight.lua...
[Info] Extracting file \ability_item_usage_chaos_knight.lua successfully.
30
[Info] Extracting file \ability_item_usage_clinkz.lua...
[Info] Extracting file \ability_item_usage_clinkz.lua successfully.
38
[Info] Extracting file \ability_item_usage_crystal_maiden.lua...
[Info] Extracting file \ability_item_usage_crystal_maiden.lua successfully.
35
[Info] Extracting file \ability_item_usage_drow_ranger.lua...
[Info] Extracting file \ability_item_usage_drow_ranger.lua successfully.
35
[Info] Extracting file \ability_item_usage_earthshaker.lua...
[Info] Extracting file \ability_item_usage_earthshaker.lua successfully.
34
[Info] Extracting file \ability_item_usage_juggernaut.lua...
[Info] Extracting file \ability_item_usage_juggernaut.lua successfully.
36
[Info] Extracting file \ability_item_usage_life_stealer.lua...
[Info] Extracting file \ability_item_usage_life_stealer.lua successfully.
28
[Info] Extracting file \ability_item_usage_lina.lua...
[Info] Extracting file \ability_item_usage_lina.lua successfully.
30
[Info] Extracting file \ability_item_usage_mirana.lua...
[Info] Extracting file \ability_item_usage_mirana.lua successfully.
29
[Info] Extracting file \ability_item_usage_slark.lua...
[Info] Extracting file \ability_item_usage_slark.lua successfully.
26
[Info] Extracting file \item_purchase_centaur.lua...
[Info] Extracting file \item_purchase_centaur.lua successfully.
31
[Info] Extracting file \item_purchase_chaos_knight.lua...
[Info] Extracting file \item_purchase_chaos_knight.lua successfully.
25
[Info] Extracting file \item_purchase_clinkz.lua...
[Info] Extracting file \item_purchase_clinkz.lua successfully.
33
[Info] Extracting file \item_purchase_crystal_maiden.lua...
[Info] Extracting file \item_purchase_crystal_maiden.lua successfully.
30
[Info] Extracting file \item_purchase_drow_ranger.lua...
[Info] Extracting file \item_purchase_drow_ranger.lua successfully.
30
[Info] Extracting file \item_purchase_earthshaker.lua...
[Info] Extracting file \item_purchase_earthshaker.lua successfully.
29
[Info] Extracting file \item_purchase_juggernaut.lua...
[Info] Extracting file \item_purchase_juggernaut.lua successfully.
31
[Info] Extracting file \item_purchase_life_stealer.lua...
[Info] Extracting file \item_purchase_life_stealer.lua successfully.
23
[Info] Extracting file \item_purchase_lina.lua...
[Info] Extracting file \item_purchase_lina.lua successfully.
25
[Info] Extracting file \item_purchase_mirana.lua...
[Info] Extracting file \item_purchase_mirana.lua successfully.
24
[Info] Extracting file \item_purchase_slark.lua...
[Info] Extracting file \item_purchase_slark.lua successfully.
24
[Info] Extract finished ok.
[Info] If got "Extract finished ok" means installed successfully.
[Info] If got any "[Error]", Please contact QQ463101158(zdw1999) and send error message.
[Info] Current Version: 0.0.3
31
[Info] Extracting file \ability_item_usage_centaur.lua...
[Info] Extracting file \ability_item_usage_centaur.lua successfully.
36
[Info] Extracting file \ability_item_usage_chaos_knight.lua...
[Info] Extracting file \ability_item_usage_chaos_knight.lua successfully.
30
[Info] Extracting file \ability_item_usage_clinkz.lua...
[Info] Extracting file \ability_item_usage_clinkz.lua successfully.
38
[Info] Extracting file \ability_item_usage_crystal_maiden.lua...
[Info] Extracting file \ability_item_usage_crystal_maiden.lua successfully.
35
[Info] Extracting file \ability_item_usage_drow_ranger.lua...
[Info] Extracting file \ability_item_usage_drow_ranger.lua successfully.
35
[Info] Extracting file \ability_item_usage_earthshaker.lua...
[Info] Extracting file \ability_item_usage_earthshaker.lua successfully.
34
[Info] Extracting file \ability_item_usage_juggernaut.lua...
[Info] Extracting file \ability_item_usage_juggernaut.lua successfully.
36
[Info] Extracting file \ability_item_usage_life_stealer.lua...
[Info] Extracting file \ability_item_usage_life_stealer.lua successfully.
28
[Info] Extracting file \ability_item_usage_lina.lua...
[Info] Extracting file \ability_item_usage_lina.lua successfully.
30
[Info] Extracting file \ability_item_usage_mirana.lua...
[Info] Extracting file \ability_item_usage_mirana.lua successfully.
29
[Info] Extracting file \ability_item_usage_slark.lua...
[Info] Extracting file \ability_item_usage_slark.lua successfully.
26
[Info] Extracting file \item_purchase_centaur.lua...
[Info] Extracting file \item_purchase_centaur.lua successfully.
31
[Info] Extracting file \item_purchase_chaos_knight.lua...
[Info] Extracting file \item_purchase_chaos_knight.lua successfully.
25
[Info] Extracting file \item_purchase_clinkz.lua...
[Info] Extracting file \item_purchase_clinkz.lua successfully.
33
[Info] Extracting file \item_purchase_crystal_maiden.lua...
[Info] Extracting file \item_purchase_crystal_maiden.lua successfully.
30
[Info] Extracting file \item_purchase_drow_ranger.lua...
[Info] Extracting file \item_purchase_drow_ranger.lua successfully.
30
[Info] Extracting file \item_purchase_earthshaker.lua...
[Info] Extracting file \item_purchase_earthshaker.lua successfully.
29
[Info] Extracting file \item_purchase_juggernaut.lua...
[Info] Extracting file \item_purchase_juggernaut.lua successfully.
31
[Info] Extracting file \item_purchase_life_stealer.lua...
[Info] Extracting file \item_purchase_life_stealer.lua successfully.
23
[Info] Extracting file \item_purchase_lina.lua...
[Info] Extracting file \item_purchase_lina.lua successfully.
25
[Info] Extracting file \item_purchase_mirana.lua...
[Info] Extracting file \item_purchase_mirana.lua successfully.
24
[Info] Extracting file \item_purchase_slark.lua...
[Info] Extracting file \item_purchase_slark.lua successfully.
24
[Info] Extract finished ok.
[Info] If got "Extract finished ok" means installed successfully.
[Info] If got any "[Error]", Please contact QQ463101158(zdw1999) and send error message.
[Info] Current Version: 0.0.3
31
[Info] Extracting file \ability_item_usage_centaur.lua...
[Info] Extracting file \ability_item_usage_centaur.lua successfully.
36
[Info] Extracting file \ability_item_usage_chaos_knight.lua...
[Info] Extracting file \ability_item_usage_chaos_knight.lua successfully.
30
[Info] Extracting file \ability_item_usage_clinkz.lua...
[Info] Extracting file \ability_item_usage_clinkz.lua successfully.
38
[Info] Extracting file \ability_item_usage_crystal_maiden.lua...
[Info] Extracting file \ability_item_usage_crystal_maiden.lua successfully.
35
[Info] Extracting file \ability_item_usage_drow_ranger.lua...
[Info] Extracting file \ability_item_usage_drow_ranger.lua successfully.
35
[Info] Extracting file \ability_item_usage_earthshaker.lua...
[Info] Extracting file \ability_item_usage_earthshaker.lua successfully.
34
[Info] Extracting file \ability_item_usage_juggernaut.lua...
[Info] Extracting file \ability_item_usage_juggernaut.lua successfully.
36
[Info] Extracting file \ability_item_usage_life_stealer.lua...
[Info] Extracting file \ability_item_usage_life_stealer.lua successfully.
28
[Info] Extracting file \ability_item_usage_lina.lua...
[Info] Extracting file \ability_item_usage_lina.lua successfully.
30
[Info] Extracting file \ability_item_usage_mirana.lua...
[Info] Extracting file \ability_item_usage_mirana.lua successfully.
29
[Info] Extracting file \ability_item_usage_slark.lua...
[Info] Extracting file \ability_item_usage_slark.lua successfully.
26
[Info] Extracting file \item_purchase_centaur.lua...
[Info] Extracting file \item_purchase_centaur.lua successfully.
31
[Info] Extracting file \item_purchase_chaos_knight.lua...
[Info] Extracting file \item_purchase_chaos_knight.lua successfully.
25
[Info] Extracting file \item_purchase_clinkz.lua...
[Info] Extracting file \item_purchase_clinkz.lua successfully.
33
[Info] Extracting file \item_purchase_crystal_maiden.lua...
[Info] Extracting file \item_purchase_crystal_maiden.lua successfully.
30
[Info] Extracting file \item_purchase_drow_ranger.lua...
[Info] Extracting file \item_purchase_drow_ranger.lua successfully.
30
[Info] Extracting file \item_purchase_earthshaker.lua...
[Info] Extracting file \item_purchase_earthshaker.lua successfully.
29
[Info] Extracting file \item_purchase_juggernaut.lua...
[Info] Extracting file \item_purchase_juggernaut.lua successfully.
31
[Info] Extracting file \item_purchase_life_stealer.lua...
[Info] Extracting file \item_purchase_life_stealer.lua successfully.
23
[Info] Extracting file \item_purchase_lina.lua...
[Info] Extracting file \item_purchase_lina.lua successfully.
25
[Info] Extracting file \item_purchase_mirana.lua...
[Info] Extracting file \item_purchase_mirana.lua successfully.
24
[Info] Extracting file \item_purchase_slark.lua...
[Info] Extracting file \item_purchase_slark.lua successfully.
24
[Info] Extract finished ok.
[Info] If got "Extract finished ok" means installed successfully.
[Info] If got any "[Error]", Please contact QQ463101158(zdw1999) and send error message.
[Info] Current Version: 0.0.3
31
[Info] Extracting file \ability_item_usage_centaur.lua...
[Info] Extracting file \ability_item_usage_centaur.lua successfully.
36
[Info] Extracting file \ability_item_usage_chaos_knight.lua...
[Info] Extracting file \ability_item_usage_chaos_knight.lua successfully.
30
[Info] Extracting file \ability_item_usage_clinkz.lua...
[Info] Extracting file \ability_item_usage_clinkz.lua successfully.
38
[Info] Extracting file \ability_item_usage_crystal_maiden.lua...
[Info] Extracting file \ability_item_usage_crystal_maiden.lua successfully.
35
[Info] Extracting file \ability_item_usage_drow_ranger.lua...
[Info] Extracting file \ability_item_usage_drow_ranger.lua successfully.
35
[Info] Extracting file \ability_item_usage_earthshaker.lua...
[Info] Extracting file \ability_item_usage_earthshaker.lua successfully.
34
[Info] Extracting file \ability_item_usage_juggernaut.lua...
[Info] Extracting file \ability_item_usage_juggernaut.lua successfully.
36
[Info] Extracting file \ability_item_usage_life_stealer.lua...
[Info] Extracting file \ability_item_usage_life_stealer.lua successfully.
28
[Info] Extracting file \ability_item_usage_lina.lua...
[Info] Extracting file \ability_item_usage_lina.lua successfully.
30
[Info] Extracting file \ability_item_usage_mirana.lua...
[Info] Extracting file \ability_item_usage_mirana.lua successfully.
29
[Info] Extracting file \ability_item_usage_slark.lua...
[Info] Extracting file \ability_item_usage_slark.lua successfully.
26
[Info] Extracting file \item_purchase_centaur.lua...
[Info] Extracting file \item_purchase_centaur.lua successfully.
31
[Info] Extracting file \item_purchase_chaos_knight.lua...
[Info] Extracting file \item_purchase_chaos_knight.lua successfully.
25
[Info] Extracting file \item_purchase_clinkz.lua...
[Info] Extracting file \item_purchase_clinkz.lua successfully.
33
[Info] Extracting file \item_purchase_crystal_maiden.lua...
[Info] Extracting file \item_purchase_crystal_maiden.lua successfully.
30
[Info] Extracting file \item_purchase_drow_ranger.lua...
[Info] Extracting file \item_purchase_drow_ranger.lua successfully.
30
[Info] Extracting file \item_purchase_earthshaker.lua...
[Info] Extracting file \item_purchase_earthshaker.lua successfully.
29
[Info] Extracting file \item_purchase_juggernaut.lua...
[Info] Extracting file \item_purchase_juggernaut.lua successfully.
31
[Info] Extracting file \item_purchase_life_stealer.lua...
[Info] Extracting file \item_purchase_life_stealer.lua successfully.
23
[Info] Extracting file \item_purchase_lina.lua...
[Info] Extracting file \item_purchase_lina.lua successfully.
25
[Info] Extracting file \item_purchase_mirana.lua...
[Info] Extracting file \item_purchase_mirana.lua successfully.
24
[Info] Extracting file \item_purchase_slark.lua...
[Info] Extracting file \item_purchase_slark.lua successfully.
24
[Info] Extract finished ok.
[Info] If got "Extract finished ok" means installed successfully.
[Info] If got any "[Error]", Please contact QQ463101158(zdw1999) and send error message.
[Info] Current Version: 0.0.3
31
[Info] Extracting file \ability_item_usage_centaur.lua...
[Info] Extracting file \ability_item_usage_centaur.lua successfully.
36
[Info] Extracting file \ability_item_usage_chaos_knight.lua...
[Info] Extracting file \ability_item_usage_chaos_knight.lua successfully.
30
[Info] Extracting file \ability_item_usage_clinkz.lua...
[Info] Extracting file \ability_item_usage_clinkz.lua successfully.
38
[Info] Extracting file \ability_item_usage_crystal_maiden.lua...
[Info] Extracting file \ability_item_usage_crystal_maiden.lua successfully.
35
[Info] Extracting file \ability_item_usage_drow_ranger.lua...
[Info] Extracting file \ability_item_usage_drow_ranger.lua successfully.
35
[Info] Extracting file \ability_item_usage_earthshaker.lua...
[Info] Extracting file \ability_item_usage_earthshaker.lua successfully.
34
[Info] Extracting file \ability_item_usage_juggernaut.lua...
[Info] Extracting file \ability_item_usage_juggernaut.lua successfully.
36
[Info] Extracting file \ability_item_usage_life_stealer.lua...
[Info] Extracting file \ability_item_usage_life_stealer.lua successfully.
28
[Info] Extracting file \ability_item_usage_lina.lua...
[Info] Extracting file \ability_item_usage_lina.lua successfully.
30
[Info] Extracting file \ability_item_usage_mirana.lua...
[Info] Extracting file \ability_item_usage_mirana.lua successfully.
29
[Info] Extracting file \ability_item_usage_slark.lua...
[Info] Extracting file \ability_item_usage_slark.lua successfully.
26
[Info] Extracting file \item_purchase_centaur.lua...
[Info] Extracting file \item_purchase_centaur.lua successfully.
31
[Info] Extracting file \item_purchase_chaos_knight.lua...
[Info] Extracting file \item_purchase_chaos_knight.lua successfully.
25
[Info] Extracting file \item_purchase_clinkz.lua...
[Info] Extracting file \item_purchase_clinkz.lua successfully.
33
[Info] Extracting file \item_purchase_crystal_maiden.lua...
[Info] Extracting file \item_purchase_crystal_maiden.lua successfully.
30
[Info] Extracting file \item_purchase_drow_ranger.lua...
[Info] Extracting file \item_purchase_drow_ranger.lua successfully.
30
[Info] Extracting file \item_purchase_earthshaker.lua...
[Info] Extracting file \item_purchase_earthshaker.lua successfully.
29
[Info] Extracting file \item_purchase_juggernaut.lua...
[Info] Extracting file \item_purchase_juggernaut.lua successfully.
31
[Info] Extracting file \item_purchase_life_stealer.lua...
[Info] Extracting file \item_purchase_life_stealer.lua successfully.
23
[Info] Extracting file \item_purchase_lina.lua...
[Info] Extracting file \item_purchase_lina.lua successfully.
25
[Info] Extracting file \item_purchase_mirana.lua...
[Info] Extracting file \item_purchase_mirana.lua successfully.
24
[Info] Extracting file \item_purchase_slark.lua...
[Info] Extracting file \item_purchase_slark.lua successfully.
24
[Info] Extract finished ok.
[Info] If got "Extract finished ok" means installed successfully.
[Info] If got any "[Error]", Please contact QQ463101158(zdw1999) and send error message.
[Info] Current Version: 0.0.3
31
[Info] Extracting file \ability_item_usage_centaur.lua...
[Info] Extracting file \ability_item_usage_centaur.lua successfully.
36
[Info] Extracting file \ability_item_usage_chaos_knight.lua...
[Info] Extracting file \ability_item_usage_chaos_knight.lua successfully.
30
[Info] Extracting file \ability_item_usage_clinkz.lua...
[Info] Extracting file \ability_item_usage_clinkz.lua successfully.
38
[Info] Extracting file \ability_item_usage_crystal_maiden.lua...
[Info] Extracting file \ability_item_usage_crystal_maiden.lua successfully.
35
[Info] Extracting file \ability_item_usage_drow_ranger.lua...
[Info] Extracting file \ability_item_usage_drow_ranger.lua successfully.
35
[Info] Extracting file \ability_item_usage_earthshaker.lua...
[Info] Extracting file \ability_item_usage_earthshaker.lua successfully.
34
[Info] Extracting file \ability_item_usage_juggernaut.lua...
[Info] Extracting file \ability_item_usage_juggernaut.lua successfully.
36
[Info] Extracting file \ability_item_usage_life_stealer.lua...
[Info] Extracting file \ability_item_usage_life_stealer.lua successfully.
28
[Info] Extracting file \ability_item_usage_lina.lua...
[Info] Extracting file \ability_item_usage_lina.lua successfully.
30
[Info] Extracting file \ability_item_usage_mirana.lua...
[Info] Extracting file \ability_item_usage_mirana.lua successfully.
29
[Info] Extracting file \ability_item_usage_slark.lua...
[Info] Extracting file \ability_item_usage_slark.lua successfully.
26
[Info] Extracting file \item_purchase_centaur.lua...
[Info] Extracting file \item_purchase_centaur.lua successfully.
31
[Info] Extracting file \item_purchase_chaos_knight.lua...
[Info] Extracting file \item_purchase_chaos_knight.lua successfully.
25
[Info] Extracting file \item_purchase_clinkz.lua...
[Info] Extracting file \item_purchase_clinkz.lua successfully.
33
[Info] Extracting file \item_purchase_crystal_maiden.lua...
[Info] Extracting file \item_purchase_crystal_maiden.lua successfully.
30
[Info] Extracting file \item_purchase_drow_ranger.lua...
[Info] Extracting file \item_purchase_drow_ranger.lua successfully.
30
[Info] Extracting file \item_purchase_earthshaker.lua...
[Info] Extracting file \item_purchase_earthshaker.lua successfully.
29
[Info] Extracting file \item_purchase_juggernaut.lua...
[Info] Extracting file \item_purchase_juggernaut.lua successfully.
31
[Info] Extracting file \item_purchase_life_stealer.lua...
[Info] Extracting file \item_purchase_life_stealer.lua successfully.
23
[Info] Extracting file \item_purchase_lina.lua...
[Info] Extracting file \item_purchase_lina.lua successfully.
25
[Info] Extracting file \item_purchase_mirana.lua...
[Info] Extracting file \item_purchase_mirana.lua successfully.
24
[Info] Extracting file \item_purchase_slark.lua...
[Info] Extracting file \item_purchase_slark.lua successfully.
24
[Info] Extract finished ok.
[Info] If got "Extract finished ok" means installed successfully.
[Info] If got any "[Error]", Please contact QQ463101158(zdw1999) and send error message.
[Info] Current Version: 0.0.3
31
[Info] Extracting file \ability_item_usage_centaur.lua...
[Info] Extracting file \ability_item_usage_centaur.lua successfully.
36
[Info] Extracting file \ability_item_usage_chaos_knight.lua...
[Info] Extracting file \ability_item_usage_chaos_knight.lua successfully.
30
[Info] Extracting file \ability_item_usage_clinkz.lua...
[Info] Extracting file \ability_item_usage_clinkz.lua successfully.
38
[Info] Extracting file \ability_item_usage_crystal_maiden.lua...
[Info] Extracting file \ability_item_usage_crystal_maiden.lua successfully.
35
[Info] Extracting file \ability_item_usage_drow_ranger.lua...
[Info] Extracting file \ability_item_usage_drow_ranger.lua successfully.
35
[Info] Extracting file \ability_item_usage_earthshaker.lua...
[Info] Extracting file \ability_item_usage_earthshaker.lua successfully.
34
[Info] Extracting file \ability_item_usage_juggernaut.lua...
[Info] Extracting file \ability_item_usage_juggernaut.lua successfully.
36
[Info] Extracting file \ability_item_usage_life_stealer.lua...
[Info] Extracting file \ability_item_usage_life_stealer.lua successfully.
28
[Info] Extracting file \ability_item_usage_lina.lua...
[Info] Extracting file \ability_item_usage_lina.lua successfully.
30
[Info] Extracting file \ability_item_usage_mirana.lua...
[Info] Extracting file \ability_item_usage_mirana.lua successfully.
29
[Info] Extracting file \ability_item_usage_slark.lua...
[Info] Extracting file \ability_item_usage_slark.lua successfully.
26
[Info] Extracting file \item_purchase_centaur.lua...
[Info] Extracting file \item_purchase_centaur.lua successfully.
31
[Info] Extracting file \item_purchase_chaos_knight.lua...
[Info] Extracting file \item_purchase_chaos_knight.lua successfully.
25
[Info] Extracting file \item_purchase_clinkz.lua...
[Info] Extracting file \item_purchase_clinkz.lua successfully.
33
[Info] Extracting file \item_purchase_crystal_maiden.lua...
[Info] Extracting file \item_purchase_crystal_maiden.lua successfully.
30
[Info] Extracting file \item_purchase_drow_ranger.lua...
[Info] Extracting file \item_purchase_drow_ranger.lua successfully.
30
[Info] Extracting file \item_purchase_earthshaker.lua...
[Info] Extracting file \item_purchase_earthshaker.lua successfully.
29
[Info] Extracting file \item_purchase_juggernaut.lua...
[Info] Extracting file \item_purchase_juggernaut.lua successfully.
31
[Info] Extracting file \item_purchase_life_stealer.lua...
[Info] Extracting file \item_purchase_life_stealer.lua successfully.
23
[Info] Extracting file \item_purchase_lina.lua...
[Info] Extracting file \item_purchase_lina.lua successfully.
25
[Info] Extracting file \item_purchase_mirana.lua...
[Info] Extracting file \item_purchase_mirana.lua successfully.
24
[Info] Extracting file \item_purchase_slark.lua...
[Info] Extracting file \item_purchase_slark.lua successfully.
24
[Info] Extract finished ok.
[Info] If got "Extract finished ok" means installed successfully.
[Info] If got any "[Error]", Please contact QQ463101158(zdw1999) and send error message.
